[Sun 01/26/2025 18:27:03.98] Starting cancel_pending_orders 
System check identified some issues:

WARNINGS:
?: (debug_toolbar.W001) debug_toolbar.middleware.DebugToolbarMiddleware is missing from MIDDLEWARE.
	HINT: Add debug_toolbar.middleware.DebugToolbarMiddleware to MIDDLEWARE.
Successfully cancelled all pending orders.
[Sun 01/26/2025 18:27:05.64] Finished cancel_pending_orders 
[Sun 01/26/2025 18:32:18.36] Starting cancel_pending_orders 
System check identified some issues:

WARNINGS:
?: (debug_toolbar.W001) debug_toolbar.middleware.DebugToolbarMiddleware is missing from MIDDLEWARE.
	HINT: Add debug_toolbar.middleware.DebugToolbarMiddleware to MIDDLEWARE.
It is not the end of the trading day yet. Time remaining: 3h 27m.
[Sun 01/26/2025 18:32:20.06] Finished cancel_pending_orders 
[Sun 01/26/2025 18:33:24.40] Starting cancel_pending_orders 
System check identified some issues:

WARNINGS:
?: (debug_toolbar.W001) debug_toolbar.middleware.DebugToolbarMiddleware is missing from MIDDLEWARE.
	HINT: Add debug_toolbar.middleware.DebugToolbarMiddleware to MIDDLEWARE.
Successfully cancelled all pending orders.
[Sun 01/26/2025 18:33:26.35] Finished cancel_pending_orders 
